0 info it worked if it ends with ok
1 verbose cli [ '/usr/local/bin/node', '/usr/local/bin/npm', 'run', 'serve' ]
2 info using npm@4.0.5
3 info using node@v7.4.0
4 warn invalid config registry="npm"
5 warn invalid config Must be a full url with 'http://'
6 verbose run-script [ 'preserve', 'serve', 'postserve' ]
7 info lifecycle weex-plugin-calendar@0.0.1~preserve: weex-plugin-calendar@0.0.1
8 silly lifecycle weex-plugin-calendar@0.0.1~preserve: no script for preserve, continuing
9 info lifecycle weex-plugin-calendar@0.0.1~serve: weex-plugin-calendar@0.0.1
10 verbose lifecycle weex-plugin-calendar@0.0.1~serve: unsafe-perm in lifecycle true
11 verbose lifecycle weex-plugin-calendar@0.0.1~serve: PATH: /usr/local/lib/node_modules/npm/bin/node-gyp-bin:/Users/fenghai/weex-plugin-calendar/node_modules/.bin:/Users/fenghai/.rvm/gems/ruby-2.2.4/bin:/Users/fenghai/.rvm/gems/ruby-2.2.4@global/bin:/Users/fenghai/.rvm/rubies/ruby-2.2.4/bin:/Users/fenghai/Maven/apache-maven-3.2.2/bin:/usr/local/bin:/usr/bin:/bin:/usr/sbin:/sbin:/usr/texbin:/Users/fenghai/pha-all/arcanist/bin:/Users/fenghai/.rvm/bin
12 verbose lifecycle weex-plugin-calendar@0.0.1~serve: CWD: /Users/fenghai/weex-plugin-calendar
13 silly lifecycle weex-plugin-calendar@0.0.1~serve: Args: [ '-c', 'serve ./ -p 12580' ]
14 silly lifecycle weex-plugin-calendar@0.0.1~serve: Returned: code: 1  signal: null
15 info lifecycle weex-plugin-calendar@0.0.1~serve: Failed to exec serve script
16 verbose stack Error: weex-plugin-calendar@0.0.1 serve: `serve ./ -p 12580`
16 verbose stack Exit status 1
16 verbose stack     at EventEmitter.<anonymous> (/usr/local/lib/node_modules/npm/lib/utils/lifecycle.js:279:16)
16 verbose stack     at emitTwo (events.js:106:13)
16 verbose stack     at EventEmitter.emit (events.js:191:7)
16 verbose stack     at ChildProcess.<anonymous> (/usr/local/lib/node_modules/npm/lib/utils/spawn.js:40:14)
16 verbose stack     at emitTwo (events.js:106:13)
16 verbose stack     at ChildProcess.emit (events.js:191:7)
16 verbose stack     at maybeClose (internal/child_process.js:885:16)
16 verbose stack     at Process.ChildProcess._handle.onexit (internal/child_process.js:226:5)
17 verbose pkgid weex-plugin-calendar@0.0.1
18 verbose cwd /Users/fenghai/weex-plugin-calendar
19 error Darwin 16.6.0
20 error argv "/usr/local/bin/node" "/usr/local/bin/npm" "run" "serve"
21 error node v7.4.0
22 error npm  v4.0.5
23 error code ELIFECYCLE
24 error weex-plugin-calendar@0.0.1 serve: `serve ./ -p 12580`
24 error Exit status 1
25 error Failed at the weex-plugin-calendar@0.0.1 serve script 'serve ./ -p 12580'.
25 error Make sure you have the latest version of node.js and npm installed.
25 error If you do, this is most likely a problem with the weex-plugin-calendar package,
25 error not with npm itself.
25 error Tell the author that this fails on your system:
25 error     serve ./ -p 12580
25 error You can get information on how to open an issue for this project with:
25 error     npm bugs weex-plugin-calendar
25 error Or if that isn't available, you can get their info via:
25 error     npm owner ls weex-plugin-calendar
25 error There is likely additional logging output above.
26 verbose exit [ 1, true ]
